# JRE version: OpenJDK Runtime Environment (8.0_152-b06) (build 1.8.0_152-release-1136-b06)
# Java VM: OpenJDK 64-Bit Server VM (25.152-b06 mixed mode bsd-amd64 compressed oops)
Heap:
 PSYoungGen      total 436736K, used 436705K [0x00000007a0000000, 0x00000007c0000000, 0x00000007c0000000)
  eden space 349184K, 100% used [0x00000007a0000000,0x00000007b5500000,0x00000007b5500000)
  from space 87552K, 99% used [0x00000007b5500000,0x00000007baa78710,0x00000007baa80000)
  to   space 87552K, 0% used [0x00000007baa80000,0x00000007baa80000,0x00000007c0000000)
 ParOldGen       total 484352K, used 481428K [0x0000000760000000, 0x000000077d900000, 0x00000007a0000000)
  object space 484352K, 99% used [0x0000000760000000,0x000000077d625008,0x000000077d900000)
 Metaspace       used 152807K, capacity 160486K, committed 160856K, reserved 1189888K
  class space    used 18220K, capacity 19834K, committed 19840K, reserved 1048576K
GC Heap History (10 events):
Event: 1721.461 GC heap after
Heap after GC invocations=55 (full 4):
 PSYoungGen      total 476672K, used 43508K [0x00000007a0000000, 0x00000007c0000000, 0x00000007c0000000)
  eden space 433152K, 0% used [0x00000007a0000000,0x00000007a0000000,0x00000007ba700000)
  from space 43520K, 99% used [0x00000007ba700000,0x00000007bd17d140,0x00000007bd180000)
  to   space 47616K, 0% used [0x00000007bd180000,0x00000007bd180000,0x00000007c0000000)
 ParOldGen       total 247296K, used 129904K [0x0000000760000000, 0x000000076f180000, 0x00000007a0000000)
  object space 247296K, 52% used [0x0000000760000000,0x0000000767edc038,0x000000076f180000)
 Metaspace       used 135285K, capacity 142596K, committed 143064K, reserved 1175552K
  class space    used 16309K, capacity 17820K, committed 17920K, reserved 1048576K
}
Event: 2000.686 GC heap before
{Heap before GC invocations=56 (full 4):
 PSYoungGen      total 476672K, used 476660K [0x00000007a0000000, 0x00000007c0000000, 0x00000007c0000000)
  eden space 433152K, 100% used [0x00000007a0000000,0x00000007ba700000,0x00000007ba700000)
  from space 43520K, 99% used [0x00000007ba700000,0x00000007bd17d140,0x00000007bd180000)
  to   space 47616K, 0% used [0x00000007bd180000,0x00000007bd180000,0x00000007c0000000)
 ParOldGen       total 247296K, used 129904K [0x0000000760000000, 0x000000076f180000, 0x00000007a0000000)
  object space 247296K, 52% used [0x0000000760000000,0x0000000767edc038,0x000000076f180000)
 Metaspace       used 151764K, capacity 159328K, committed 159832K, reserved 1189888K
  class space    used 18134K, capacity 19718K, committed 19840K, reserved 1048576K
Event: 2000.814 GC heap after
Heap after GC invocations=56 (full 4):
 PSYoungGen      total 429568K, used 47597K [0x00000007a0000000, 0x00000007c0000000, 0x00000007c0000000)
  eden space 381952K, 0% used [0x00000007a0000000,0x00000007a0000000,0x00000007b7500000)
  from space 47616K, 99% used [0x00000007bd180000,0x00000007bfffb7e0,0x00000007c0000000)
  to   space 71168K, 0% used [0x00000007b7500000,0x00000007b7500000,0x00000007bba80000)
 ParOldGen       total 247296K, used 157452K [0x0000000760000000, 0x000000076f180000, 0x00000007a0000000)
  object space 247296K, 63% used [0x0000000760000000,0x00000007699c33b8,0x000000076f180000)
 Metaspace       used 151764K, capacity 159328K, committed 159832K, reserved 1189888K
  class space    used 18134K, capacity 19718K, committed 19840K, reserved 1048576K
}
Event: 2049.778 GC heap before
{Heap before GC invocations=57 (full 4):
 PSYoungGen      total 429568K, used 429549K [0x00000007a0000000, 0x00000007c0000000, 0x00000007c0000000)
  eden space 381952K, 100% used [0x00000007a0000000,0x00000007b7500000,0x00000007b7500000)
  from space 47616K, 99% used [0x00000007bd180000,0x00000007bfffb7e0,0x00000007c0000000)
  to   space 71168K, 0% used [0x00000007b7500000,0x00000007b7500000,0x00000007bba80000)
 ParOldGen       total 247296K, used 157452K [0x0000000760000000, 0x000000076f180000, 0x00000007a0000000)
  object space 247296K, 63% used [0x0000000760000000,0x00000007699c33b8,0x000000076f180000)
 Metaspace       used 152343K, capacity 159984K, committed 160344K, reserved 1189888K
  class space    used 18165K, capacity 19775K, committed 19840K, reserved 1048576K
Event: 2049.859 GC heap after
Heap after GC invocations=57 (full 4):
 PSYoungGen      total 424448K, used 42470K [0x00000007a0000000, 0x00000007c0000000, 0x00000007c0000000)
  eden space 381952K, 0% used [0x00000007a0000000,0x00000007a0000000,0x00000007b7500000)
  from space 42496K, 99% used [0x00000007b7500000,0x00000007b9e799b0,0x00000007b9e80000)
  to   space 72704K, 0% used [0x00000007bb900000,0x00000007bb900000,0x00000007c0000000)
 ParOldGen       total 247296K, used 158240K [0x0000000760000000, 0x000000076f180000, 0x00000007a0000000)
  object space 247296K, 63% used [0x0000000760000000,0x0000000769a88098,0x000000076f180000)
 Metaspace       used 152343K, capacity 159984K, committed 160344K, reserved 1189888K
  class space    used 18165K, capacity 19775K, committed 19840K, reserved 1048576K
}
Event: 2055.969 GC heap before
{Heap before GC invocations=58 (full 4):
 PSYoungGen      total 424448K, used 424420K [0x00000007a0000000, 0x00000007c0000000, 0x00000007c0000000)
  eden space 381952K, 99% used [0x00000007a0000000,0x00000007b74ff798,0x00000007b7500000)
  from space 42496K, 99% used [0x00000007b7500000,0x00000007b9e799b0,0x00000007b9e80000)
  to   space 72704K, 0% used [0x00000007bb900000,0x00000007bb900000,0x00000007c0000000)
 ParOldGen       total 247296K, used 158240K [0x0000000760000000, 0x000000076f180000, 0x00000007a0000000)
  object space 247296K, 63% used [0x0000000760000000,0x0000000769a88098,0x000000076f180000)
 Metaspace       used 152573K, capacity 160228K, committed 160600K, reserved 1189888K
  class space    used 18191K, capacity 19795K, committed 19840K, reserved 1048576K
Event: 2056.097 GC heap after
Heap after GC invocations=58 (full 4):
 PSYoungGen      total 421888K, used 72703K [0x00000007a0000000, 0x00000007c0000000, 0x00000007c0000000)
  eden space 349184K, 0% used [0x00000007a0000000,0x00000007a0000000,0x00000007b5500000)
  from space 72704K, 99% used [0x00000007bb900000,0x00000007bfffff68,0x00000007c0000000)
  to   space 87552K, 0% used [0x00000007b5500000,0x00000007b5500000,0x00000007baa80000)
 ParOldGen       total 247296K, used 164605K [0x0000000760000000, 0x000000076f180000, 0x00000007a0000000)
  object space 247296K, 66% used [0x0000000760000000,0x000000076a0bf428,0x000000076f180000)
 Metaspace       used 152573K, capacity 160228K, committed 160600K, reserved 1189888K
  class space    used 18191K, capacity 19795K, committed 19840K, reserved 1048576K
}
Event: 2068.994 GC heap before
{Heap before GC invocations=59 (full 4):
 PSYoungGen      total 421888K, used 408338K [0x00000007a0000000, 0x00000007c0000000, 0x00000007c0000000)
  eden space 349184K, 96% used [0x00000007a0000000,0x00000007b47c4908,0x00000007b5500000)
  from space 72704K, 99% used [0x00000007bb900000,0x00000007bfffff68,0x00000007c0000000)
  to   space 87552K, 0% used [0x00000007b5500000,0x00000007b5500000,0x00000007baa80000)
 ParOldGen       total 247296K, used 180989K [0x0000000760000000, 0x000000076f180000, 0x00000007a0000000)
  object space 247296K, 73% used [0x0000000760000000,0x000000076b0bf438,0x000000076f180000)
 Metaspace       used 152791K, capacity 160464K, committed 160856K, reserved 1189888K
  class space    used 18217K, capacity 19829K, committed 19840K, reserved 1048576K
Event: 2069.121 GC heap after
Heap after GC invocations=59 (full 4):
 PSYoungGen      total 436736K, used 87521K [0x00000007a0000000, 0x00000007c0000000, 0x00000007c0000000)
  eden space 349184K, 0% used [0x00000007a0000000,0x00000007a0000000,0x00000007b5500000)
  from space 87552K, 99% used [0x00000007b5500000,0x00000007baa78710,0x00000007baa80000)
  to   space 87552K, 0% used [0x00000007baa80000,0x00000007baa80000,0x00000007c0000000)
 ParOldGen       total 247296K, used 200075K [0x0000000760000000, 0x000000076f180000, 0x00000007a0000000)
  object space 247296K, 80% used [0x0000000760000000,0x000000076c362cf0,0x000000076f180000)
 Metaspace       used 152791K, capacity 160464K, committed 160856K, reserved 1189888K
  class space    used 18217K, capacity 19829K, committed 19840K, reserved 1048576K
}
Event: 2070.967 GC heap before
{Heap before GC invocations=60 (full 5):
 PSYoungGen      total 436736K, used 436705K [0x00000007a0000000, 0x00000007c0000000, 0x00000007c0000000)
  eden space 349184K, 100% used [0x00000007a0000000,0x00000007b5500000,0x00000007b5500000)
  from space 87552K, 99% used [0x00000007b5500000,0x00000007baa78710,0x00000007baa80000)
  to   space 87552K, 0% used [0x00000007baa80000,0x00000007baa80000,0x00000007c0000000)
 ParOldGen       total 484352K, used 481428K [0x0000000760000000, 0x000000077d900000, 0x00000007a0000000)
  object space 484352K, 99% used [0x0000000760000000,0x000000077d625008,0x000000077d900000)
 Metaspace       used 152807K, capacity 160486K, committed 160856K, reserved 1189888K
  class space    used 18220K, capacity 19834K, committed 19840K, reserved 1048576K

